<?xml version="1.0" encoding="UTF-8"?>
<!-- Generated by org.testng.reporters.JUnitXMLReporter -->
<testsuite hostname="TX717-7310MSL" name="Default test" tests="1" failures="1" timestamp="29 Jan 2018 19:46:47 GMT" time="37.967" errors="0">
  <testcase name="runTC_NewApplication_MRI_001" time="37.91" classname="testscripts.NewApplication.TC_NewApplication_MRI_001">
    <failure type="java.lang.AssertionError" message="unknown error: Element &amp;lt;input type=&amp;quot;button&amp;quot; title=&amp;quot;Save Record&amp;quot; id=&amp;quot;MRI_1CHANGE&amp;quot; value=&amp;quot;Save&amp;quot; tabindex=&amp;quot;7&amp;quot; onclick=&amp;quot;return cmd_onclick(&amp;apos;MRI_1CHANGE&amp;apos;)&amp;quot; style=&amp;quot;border: 2px solid yellow;&amp;quot; class=&amp;quot;Button PageSave&amp;quot;&amp;gt; is not clickable at point (428, 21). Other element would receive the click: &amp;lt;input type=&amp;quot;text&amp;quot; id=&amp;quot;MRI_1HELPIMG&amp;quot; name=&amp;quot;MRI_1HELPIMG&amp;quot; class=&amp;quot;CalcField Header&amp;quot; tabindex=&amp;quot;-1&amp;quot; readonly=&amp;quot;true&amp;quot; style=&amp;quot;width: 100%; overflow:hidden;  display: table; background-color: transparent; height:32px; width:828px; left:0px; top:0px; position:absolute; &amp;quot; onkeypress=&amp;quot;return onEnterKey(event,&amp;apos;MRI_1HELPIMG&amp;apos;);&amp;quot;&amp;gt;
  (Session info: chrome=63.0.3239.132)
  (Driver info: chromedriver=2.35.528161 (5b82f2d2aae0ca24b877009200ced9065a772e73),platform=Windows NT 10.0.14393 x86_64) (WARNING: The server did not provide any stacktrace information)
Command duration or timeout: 52 milliseconds
Build info: version: &amp;apos;3.0.1&amp;apos;, revision: &amp;apos;1969d75&amp;apos;, time: &amp;apos;2016-10-18 09:49:13 -0700&amp;apos;
System info: host: &amp;apos;TX717-7310MSL&amp;apos;, ip: &amp;apos;10.0.75.1&amp;apos;, os.name: &amp;apos;Windows 10&amp;apos;, os.arch: &amp;apos;amd64&amp;apos;, os.version: &amp;apos;10.0&amp;apos;, java.version: &amp;apos;1.8.0_144&amp;apos;
Driver info: org.openqa.selenium.chrome.ChromeDriver
Capabilities [{applicationCacheEnabled=false, rotatable=false, mobileEmulationEnabled=false, networkConnectionEnabled=false, chrome={chromedriverVersion=2.35.528161 (5b82f2d2aae0ca24b877009200ced9065a772e73), userDataDir=C:\Users\GDeo\AppData\Local\Temp\scoped_dir30612_12335}, takesHeapSnapshot=true, pageLoadStrategy=normal, databaseEnabled=false, handlesAlerts=true, hasTouchScreen=false, version=63.0.3239.132, platform=XP, browserConnectionEnabled=false, nativeEvents=true, acceptSslCerts=false, acceptInsecureCerts=false, locationContextEnabled=true, webStorageEnabled=true, browserName=chrome, takesScreenshot=true, javascriptEnabled=true, cssSelectorsEnabled=true, setWindowRect=true, unexpectedAlertBehaviour=}]
Session ID: 2eed86227c6c72dbe633c895e5cc12f6">
      <![CDATA[java.lang.AssertionError: unknown error: Element <input type="button" title="Save Record" id="MRI_1CHANGE" value="Save" tabindex="7" onclick="return cmd_onclick('MRI_1CHANGE')" style="border: 2px solid yellow;" class="Button PageSave"> is not clickable at point (428, 21). Other element would receive the click: <input type="text" id="MRI_1HELPIMG" name="MRI_1HELPIMG" class="CalcField Header" tabindex="-1" readonly="true" style="width: 100%; overflow:hidden;  display: table; background-color: transparent; height:32px; width:828px; left:0px; top:0px; position:absolute; " onkeypress="return onEnterKey(event,'MRI_1HELPIMG');">
  (Session info: chrome=63.0.3239.132)
  (Driver info: chromedriver=2.35.528161 (5b82f2d2aae0ca24b877009200ced9065a772e73),platform=Windows NT 10.0.14393 x86_64) (WARNING: The server did not provide any stacktrace information)
Command duration or timeout: 52 milliseconds
Build info: version: '3.0.1', revision: '1969d75', time: '2016-10-18 09:49:13 -0700'
System info: host: 'TX717-7310MSL', ip: '10.0.75.1', os.name: 'Windows 10', os.arch: 'amd64', os.version: '10.0', java.version: '1.8.0_144'
Driver info: org.openqa.selenium.chrome.ChromeDriver
Capabilities [{applicationCacheEnabled=false, rotatable=false, mobileEmulationEnabled=false, networkConnectionEnabled=false, chrome={chromedriverVersion=2.35.528161 (5b82f2d2aae0ca24b877009200ced9065a772e73), userDataDir=C:\Users\GDeo\AppData\Local\Temp\scoped_dir30612_12335}, takesHeapSnapshot=true, pageLoadStrategy=normal, databaseEnabled=false, handlesAlerts=true, hasTouchScreen=false, version=63.0.3239.132, platform=XP, browserConnectionEnabled=false, nativeEvents=true, acceptSslCerts=false, acceptInsecureCerts=false, locationContextEnabled=true, webStorageEnabled=true, browserName=chrome, takesScreenshot=true, javascriptEnabled=true, cssSelectorsEnabled=true, setWindowRect=true, unexpectedAlertBehaviour=}]
Session ID: 2eed86227c6c72dbe633c895e5cc12f6
	at org.testng.Assert.fail(Assert.java:94)
	at com.cognizant.Craft.CRAFTTestCase.tearDownTestRunner(CRAFTTestCase.java:105)
	at testscripts.NewApplication.TC_NewApplication_MRI_001.runTC_NewApplication_MRI_001(TC_NewApplication_MRI_001.java:35)
	at sun.reflect.NativeMethodAccessorImpl.invoke0(Native Method)
	at sun.reflect.NativeMethodAccessorImpl.invoke(NativeMethodAccessorImpl.java:62)
	at sun.reflect.DelegatingMethodAccessorImpl.invoke(DelegatingMethodAccessorImpl.java:43)
	at java.lang.reflect.Method.invoke(Method.java:498)
	at org.testng.internal.MethodInvocationHelper.invokeMethod(MethodInvocationHelper.java:86)
	at org.testng.internal.Invoker.invokeMethod(Invoker.java:643)
	at org.testng.internal.Invoker.invokeTestMethod(Invoker.java:820)
	at org.testng.internal.Invoker.invokeTestMethods(Invoker.java:1128)
	at org.testng.internal.TestMethodWorker.invokeTestMethods(TestMethodWorker.java:129)
	at org.testng.internal.TestMethodWorker.run(TestMethodWorker.java:112)
	at org.testng.TestRunner.privateRun(TestRunner.java:782)
	at org.testng.TestRunner.run(TestRunner.java:632)
	at org.testng.SuiteRunner.runTest(SuiteRunner.java:366)
	at org.testng.SuiteRunner.runSequentially(SuiteRunner.java:361)
	at org.testng.SuiteRunner.privateRun(SuiteRunner.java:319)
	at org.testng.SuiteRunner.run(SuiteRunner.java:268)
	at org.testng.SuiteRunnerWorker.runSuite(SuiteRunnerWorker.java:52)
	at org.testng.SuiteRunnerWorker.run(SuiteRunnerWorker.java:86)
	at org.testng.TestNG.runSuitesSequentially(TestNG.java:1244)
	at org.testng.TestNG.runSuitesLocally(TestNG.java:1169)
	at org.testng.TestNG.run(TestNG.java:1064)
	at org.testng.remote.AbstractRemoteTestNG.run(AbstractRemoteTestNG.java:114)
	at org.testng.remote.RemoteTestNG.initAndRun(RemoteTestNG.java:251)
	at org.testng.remote.RemoteTestNG.main(RemoteTestNG.java:77)
]]>
    </failure>
  </testcase> <!-- runTC_NewApplication_MRI_001 -->
</testsuite> <!-- Default test -->
