<?xml version="1.0" encoding="UTF-8"?>
<!-- Generated by org.testng.reporters.JUnitXMLReporter -->
<testsuite hostname="TX717-7310MSL" name="TestSuite1" tests="2" failures="2" timestamp="22 Jan 2018 22:25:56 GMT" time="23.909" errors="0">
  <testcase name="runTC_NewApplication_Login" time="22.029" classname="testscripts.NewApplication.TC_NewApplication_Login">
    <failure type="com.cognizant.framework.FrameworkException" message="Error while capturing the screenshot">
      <![CDATA[com.cognizant.framework.FrameworkException: Error while capturing the screenshot
	at com.cognizant.framework.selenium.SeleniumReport.takeScreenshot(SeleniumReport.java:94)
	at com.cognizant.framework.Report.handleStepInvolvingScreenshot(Report.java:287)
	at com.cognizant.framework.Report.updateTestLog(Report.java:228)
	at com.cognizant.Craft.DriverScript.exceptionHandler(DriverScript.java:722)
	at com.cognizant.Craft.DriverScript.executeCRAFTTestIterations(DriverScript.java:594)
	at com.cognizant.Craft.DriverScript.executeCraft(DriverScript.java:157)
	at com.cognizant.Craft.DriverScript.driveTestExecution(DriverScript.java:150)
	at testscripts.NewApplication.TC_NewApplication_Login.runTC_NewApplication_Login(TC_NewApplication_Login.java:34)
	at java.util.concurrent.ThreadPoolExecutor.runWorker(ThreadPoolExecutor.java:1149)
	at java.util.concurrent.ThreadPoolExecutor$Worker.run(ThreadPoolExecutor.java:624)
	at java.lang.Thread.run(Thread.java:748)
... Removed 10 stack frames]]>
    </failure>
  </testcase> <!-- runTC_NewApplication_Login -->
  <testcase name="runTC_NewApplication_HomePageValidation" time="23.866" classname="testscripts.NewApplication.TC_NewApplication_HomePageValidation">
    <failure type="com.cognizant.framework.FrameworkException" message="Error while capturing the screenshot">
      <![CDATA[com.cognizant.framework.FrameworkException: Error while capturing the screenshot
	at com.cognizant.framework.selenium.SeleniumReport.takeScreenshot(SeleniumReport.java:94)
	at com.cognizant.framework.Report.handleStepInvolvingScreenshot(Report.java:287)
	at com.cognizant.framework.Report.updateTestLog(Report.java:228)
	at com.cognizant.Craft.DriverScript.exceptionHandler(DriverScript.java:722)
	at com.cognizant.Craft.DriverScript.executeCRAFTTestIterations(DriverScript.java:594)
	at com.cognizant.Craft.DriverScript.executeCraft(DriverScript.java:157)
	at com.cognizant.Craft.DriverScript.driveTestExecution(DriverScript.java:150)
	at testscripts.NewApplication.TC_NewApplication_HomePageValidation.runTC_NewApplication_HomePageValidation(TC_NewApplication_HomePageValidation.java:34)
	at java.util.concurrent.ThreadPoolExecutor.runWorker(ThreadPoolExecutor.java:1149)
	at java.util.concurrent.ThreadPoolExecutor$Worker.run(ThreadPoolExecutor.java:624)
	at java.lang.Thread.run(Thread.java:748)
... Removed 10 stack frames]]>
    </failure>
  </testcase> <!-- runTC_NewApplication_HomePageValidation -->
</testsuite> <!-- TestSuite1 -->
