<html>
<head>
<title>TestNG:  TestSuite1</title>
<link href="../testng.css" rel="stylesheet" type="text/css" />
<link href="../my-testng.css" rel="stylesheet" type="text/css" />

<style type="text/css">
.log { display: none;} 
.stack-trace { display: none;} 
</style>
<script type="text/javascript">
<!--
function flip(e) {
  current = e.style.display;
  if (current == 'block') {
    e.style.display = 'none';
    return 0;
  }
  else {
    e.style.display = 'block';
    return 1;
  }
}

function toggleBox(szDivId, elem, msg1, msg2)
{
  var res = -1;  if (document.getElementById) {
    res = flip(document.getElementById(szDivId));
  }
  else if (document.all) {
    // this is the way old msie versions work
    res = flip(document.all[szDivId]);
  }
  if(elem) {
    if(res == 0) elem.innerHTML = msg1; else elem.innerHTML = msg2;
  }

}

function toggleAllBoxes() {
  if (document.getElementsByTagName) {
    d = document.getElementsByTagName('div');
    for (i = 0; i < d.length; i++) {
      if (d[i].className == 'log') {
        flip(d[i]);
      }
    }
  }
}

// -->
</script>

</head>
<body>
<h2 align='center'>TestSuite1</h2><table border='1' align="center">
<tr>
<td>Tests passed/Failed/Skipped:</td><td>0/2/0</td>
</tr><tr>
<td>Started on:</td><td>Mon Jan 22 16:25:32 CST 2018</td>
</tr>
<tr><td>Total time:</td><td>23 seconds (23909 ms)</td>
</tr><tr>
<td>Included groups:</td><td></td>
</tr><tr>
<td>Excluded groups:</td><td></td>
</tr>
</table><p/>
<small><i>(Hover the method name to see the test class name)</i></small><p/>
<table width='100%' border='1' class='invocation-failed'>
<tr><td colspan='4' align='center'><b>FAILED TESTS</b></td></tr>
<tr><td><b>Test method</b></td>
<td width="30%"><b>Exception</b></td>
<td width="10%"><b>Time (seconds)</b></td>
<td><b>Instance</b></td>
</tr>
<tr>
<td title='testscripts.NewApplication.TC_NewApplication_HomePageValidation.runTC_NewApplication_HomePageValidation()'><b>runTC_NewApplication_HomePageValidation</b><br>Test class: testscripts.NewApplication.TC_NewApplication_HomePageValidation<br>Parameters: Instance1, LOCAL, WINDOWS</td>
<td><div><pre>com.cognizant.framework.FrameworkException: Error while capturing the screenshot
	at com.cognizant.framework.selenium.SeleniumReport.takeScreenshot(SeleniumReport.java:94)
	at com.cognizant.framework.Report.handleStepInvolvingScreenshot(Report.java:287)
	at com.cognizant.framework.Report.updateTestLog(Report.java:228)
	at com.cognizant.Craft.DriverScript.exceptionHandler(DriverScript.java:722)
	at com.cognizant.Craft.DriverScript.executeCRAFTTestIterations(DriverScript.java:594)
	at com.cognizant.Craft.DriverScript.executeCraft(DriverScript.java:157)
	at com.cognizant.Craft.DriverScript.driveTestExecution(DriverScript.java:150)
	at testscripts.NewApplication.TC_NewApplication_HomePageValidation.runTC_NewApplication_HomePageValidation(TC_NewApplication_HomePageValidation.java:34)
	at java.util.concurrent.ThreadPoolExecutor.runWorker(ThreadPoolExecutor.java:1149)
	at java.util.concurrent.ThreadPoolExecutor$Worker.run(ThreadPoolExecutor.java:624)
	at java.lang.Thread.run(Thread.java:748)
... Removed 10 stack frames</pre></div><a href='#' onClick='toggleBox("stack-trace1765388949", this, "Click to show all stack frames", "Click to hide stack frames")'>Click to show all stack frames</a>
<div class='stack-trace' id='stack-trace1765388949'><pre>com.cognizant.framework.FrameworkException: Error while capturing the screenshot
	at com.cognizant.framework.selenium.SeleniumReport.takeScreenshot(SeleniumReport.java:94)
	at com.cognizant.framework.Report.handleStepInvolvingScreenshot(Report.java:287)
	at com.cognizant.framework.Report.updateTestLog(Report.java:228)
	at com.cognizant.Craft.DriverScript.exceptionHandler(DriverScript.java:722)
	at com.cognizant.Craft.DriverScript.executeCRAFTTestIterations(DriverScript.java:594)
	at com.cognizant.Craft.DriverScript.executeCraft(DriverScript.java:157)
	at com.cognizant.Craft.DriverScript.driveTestExecution(DriverScript.java:150)
	at testscripts.NewApplication.TC_NewApplication_HomePageValidation.runTC_NewApplication_HomePageValidation(TC_NewApplication_HomePageValidation.java:34)
	at sun.reflect.NativeMethodAccessorImpl.invoke0(Native Method)
	at sun.reflect.NativeMethodAccessorImpl.invoke(NativeMethodAccessorImpl.java:62)
	at sun.reflect.DelegatingMethodAccessorImpl.invoke(DelegatingMethodAccessorImpl.java:43)
	at java.lang.reflect.Method.invoke(Method.java:498)
	at org.testng.internal.MethodInvocationHelper.invokeMethod(MethodInvocationHelper.java:86)
	at org.testng.internal.Invoker.invokeMethod(Invoker.java:643)
	at org.testng.internal.Invoker.invokeTestMethod(Invoker.java:820)
	at org.testng.internal.Invoker.invokeTestMethods(Invoker.java:1128)
	at org.testng.internal.TestMethodWorker.invokeTestMethods(TestMethodWorker.java:129)
	at org.testng.internal.TestMethodWorker.run(TestMethodWorker.java:112)
	at java.util.concurrent.ThreadPoolExecutor.runWorker(ThreadPoolExecutor.java:1149)
	at java.util.concurrent.ThreadPoolExecutor$Worker.run(ThreadPoolExecutor.java:624)
	at java.lang.Thread.run(Thread.java:748)
</pre></div></td>
<td>23</td>
<td>testscripts.NewApplication.TC_NewApplication_HomePageValidation@13805618</td></tr>
<tr>
<td title='testscripts.NewApplication.TC_NewApplication_Login.runTC_NewApplication_Login()'><b>runTC_NewApplication_Login</b><br>Test class: testscripts.NewApplication.TC_NewApplication_Login<br>Parameters: Instance1, LOCAL, WINDOWS</td>
<td><div><pre>com.cognizant.framework.FrameworkException: Error while capturing the screenshot
	at com.cognizant.framework.selenium.SeleniumReport.takeScreenshot(SeleniumReport.java:94)
	at com.cognizant.framework.Report.handleStepInvolvingScreenshot(Report.java:287)
	at com.cognizant.framework.Report.updateTestLog(Report.java:228)
	at com.cognizant.Craft.DriverScript.exceptionHandler(DriverScript.java:722)
	at com.cognizant.Craft.DriverScript.executeCRAFTTestIterations(DriverScript.java:594)
	at com.cognizant.Craft.DriverScript.executeCraft(DriverScript.java:157)
	at com.cognizant.Craft.DriverScript.driveTestExecution(DriverScript.java:150)
	at testscripts.NewApplication.TC_NewApplication_Login.runTC_NewApplication_Login(TC_NewApplication_Login.java:34)
	at java.util.concurrent.ThreadPoolExecutor.runWorker(ThreadPoolExecutor.java:1149)
	at java.util.concurrent.ThreadPoolExecutor$Worker.run(ThreadPoolExecutor.java:624)
	at java.lang.Thread.run(Thread.java:748)
... Removed 10 stack frames</pre></div><a href='#' onClick='toggleBox("stack-trace352930991", this, "Click to show all stack frames", "Click to hide stack frames")'>Click to show all stack frames</a>
<div class='stack-trace' id='stack-trace352930991'><pre>com.cognizant.framework.FrameworkException: Error while capturing the screenshot
	at com.cognizant.framework.selenium.SeleniumReport.takeScreenshot(SeleniumReport.java:94)
	at com.cognizant.framework.Report.handleStepInvolvingScreenshot(Report.java:287)
	at com.cognizant.framework.Report.updateTestLog(Report.java:228)
	at com.cognizant.Craft.DriverScript.exceptionHandler(DriverScript.java:722)
	at com.cognizant.Craft.DriverScript.executeCRAFTTestIterations(DriverScript.java:594)
	at com.cognizant.Craft.DriverScript.executeCraft(DriverScript.java:157)
	at com.cognizant.Craft.DriverScript.driveTestExecution(DriverScript.java:150)
	at testscripts.NewApplication.TC_NewApplication_Login.runTC_NewApplication_Login(TC_NewApplication_Login.java:34)
	at sun.reflect.NativeMethodAccessorImpl.invoke0(Native Method)
	at sun.reflect.NativeMethodAccessorImpl.invoke(NativeMethodAccessorImpl.java:62)
	at sun.reflect.DelegatingMethodAccessorImpl.invoke(DelegatingMethodAccessorImpl.java:43)
	at java.lang.reflect.Method.invoke(Method.java:498)
	at org.testng.internal.MethodInvocationHelper.invokeMethod(MethodInvocationHelper.java:86)
	at org.testng.internal.Invoker.invokeMethod(Invoker.java:643)
	at org.testng.internal.Invoker.invokeTestMethod(Invoker.java:820)
	at org.testng.internal.Invoker.invokeTestMethods(Invoker.java:1128)
	at org.testng.internal.TestMethodWorker.invokeTestMethods(TestMethodWorker.java:129)
	at org.testng.internal.TestMethodWorker.run(TestMethodWorker.java:112)
	at java.util.concurrent.ThreadPoolExecutor.runWorker(ThreadPoolExecutor.java:1149)
	at java.util.concurrent.ThreadPoolExecutor$Worker.run(ThreadPoolExecutor.java:624)
	at java.lang.Thread.run(Thread.java:748)
</pre></div></td>
<td>22</td>
<td>testscripts.NewApplication.TC_NewApplication_Login@56ef9176</td></tr>
</table><p>
</body>
</html>