<?xml version="1.0" encoding="UTF-8"?>
<testng-results skipped="0" failed="3" total="3" passed="0">
  <reporter-output>
  </reporter-output>
  <suite name="MRITestScripts" duration-ms="5794" started-at="2018-03-20T18:47:41Z" finished-at="2018-03-20T18:47:47Z">
    <groups>
    </groups>
    <test name="TestSuite1" duration-ms="5794" started-at="2018-03-20T18:47:41Z" finished-at="2018-03-20T18:47:47Z">
      <class name="testscripts.MRI.TC_LaunchGoogle_Pass01">
        <test-method status="PASS" signature="setUpTestSuite(org.testng.ITestContext)[pri:0, instance:testscripts.MRI.TC_LaunchGoogle_Pass01@97e1986]" name="setUpTestSuite" is-config="true" duration-ms="94" started-at="2018-03-20T13:47:41Z" finished-at="2018-03-20T13:47:41Z">
          <params>
            <param index="0">
              <value>
                <![CDATA[org.testng.TestRunner@394e1a0f]]>
              </value>
            </param>
          </params>
          <reporter-output>
          </reporter-output>
        </test-method> <!-- setUpTestSuite -->
        <test-method status="FAIL" signature="runTC_LaunchGoogle_Pass01(java.lang.String, com.cognizant.framework.selenium.ExecutionMode, org.openqa.selenium.Platform)[pri:0, instance:testscripts.MRI.TC_LaunchGoogle_Pass01@97e1986]" name="runTC_LaunchGoogle_Pass01" duration-ms="5764" started-at="2018-03-20T13:47:41Z" data-provider="RegressionTestScripts" finished-at="2018-03-20T13:47:47Z">
          <params>
            <param index="0">
              <value>
                <![CDATA[Instance1]]>
              </value>
            </param>
            <param index="1">
              <value>
                <![CDATA[LOCAL]]>
              </value>
            </param>
            <param index="2">
              <value>
                <![CDATA[WINDOWS]]>
              </value>
            </param>
          </params>
          <exception class="org.openqa.selenium.WebDriverException">
            <message>
              <![CDATA[java.net.SocketException: Connection reset
Build info: version: '3.6.0', revision: '6fbf3ec767', time: '2017-09-27T15:28:36.4Z'
System info: host: 'TX717-7310MSL', ip: '10.45.41.66', os.name: 'Windows 10', os.arch: 'amd64', os.version: '10.0', java.version: '1.8.0_144'
Driver info: driver.version: InternetExplorerDriver]]>
            </message>
            <full-stacktrace>
              <![CDATA[org.openqa.selenium.WebDriverException: java.net.SocketException: Connection reset
Build info: version: '3.6.0', revision: '6fbf3ec767', time: '2017-09-27T15:28:36.4Z'
System info: host: 'TX717-7310MSL', ip: '10.45.41.66', os.name: 'Windows 10', os.arch: 'amd64', os.version: '10.0', java.version: '1.8.0_144'
Driver info: driver.version: InternetExplorerDriver
	at org.openqa.selenium.remote.service.DriverCommandExecutor.execute(DriverCommandExecutor.java:92)
	at org.openqa.selenium.remote.RemoteWebDriver.execute(RemoteWebDriver.java:586)
	at org.openqa.selenium.remote.RemoteWebDriver.startSession(RemoteWebDriver.java:217)
	at org.openqa.selenium.ie.InternetExplorerDriver.run(InternetExplorerDriver.java:223)
	at org.openqa.selenium.ie.InternetExplorerDriver.<init>(InternetExplorerDriver.java:215)
	at org.openqa.selenium.ie.InternetExplorerDriver.<init>(InternetExplorerDriver.java:152)
	at com.cognizant.framework.selenium.WebDriverFactory.getWebDriver(WebDriverFactory.java:81)
	at com.cognizant.Craft.DriverScript.initializeWebDriver(DriverScript.java:268)
	at com.cognizant.Craft.DriverScript.driveTestExecution(DriverScript.java:147)
	at testscripts.MRI.TC_LaunchGoogle_Pass01.runTC_LaunchGoogle_Pass01(TC_LaunchGoogle_Pass01.java:31)
	at sun.reflect.NativeMethodAccessorImpl.invoke0(Native Method)
	at sun.reflect.NativeMethodAccessorImpl.invoke(NativeMethodAccessorImpl.java:62)
	at sun.reflect.DelegatingMethodAccessorImpl.invoke(DelegatingMethodAccessorImpl.java:43)
	at java.lang.reflect.Method.invoke(Method.java:498)
	at org.testng.internal.MethodInvocationHelper.invokeMethod(MethodInvocationHelper.java:86)
	at org.testng.internal.Invoker.invokeMethod(Invoker.java:643)
	at org.testng.internal.Invoker.invokeTestMethod(Invoker.java:820)
	at org.testng.internal.Invoker.invokeTestMethods(Invoker.java:1128)
	at org.testng.internal.TestMethodWorker.invokeTestMethods(TestMethodWorker.java:129)
	at org.testng.internal.TestMethodWorker.run(TestMethodWorker.java:112)
	at java.util.concurrent.ThreadPoolExecutor.runWorker(ThreadPoolExecutor.java:1149)
	at java.util.concurrent.ThreadPoolExecutor$Worker.run(ThreadPoolExecutor.java:624)
	at java.lang.Thread.run(Thread.java:748)
Caused by: java.net.SocketException: Connection reset
	at java.net.SocketInputStream.read(SocketInputStream.java:210)
	at java.net.SocketInputStream.read(SocketInputStream.java:141)
	at org.apache.http.impl.io.SessionInputBufferImpl.streamRead(SessionInputBufferImpl.java:137)
	at org.apache.http.impl.io.SessionInputBufferImpl.fillBuffer(SessionInputBufferImpl.java:153)
	at org.apache.http.impl.io.SessionInputBufferImpl.readLine(SessionInputBufferImpl.java:282)
	at org.apache.http.impl.conn.DefaultHttpResponseParser.parseHead(DefaultHttpResponseParser.java:138)
	at org.apache.http.impl.conn.DefaultHttpResponseParser.parseHead(DefaultHttpResponseParser.java:56)
	at org.apache.http.impl.io.AbstractMessageParser.parse(AbstractMessageParser.java:259)
	at org.apache.http.impl.DefaultBHttpClientConnection.receiveResponseHeader(DefaultBHttpClientConnection.java:163)
	at org.apache.http.impl.conn.CPoolProxy.receiveResponseHeader(CPoolProxy.java:165)
	at org.apache.http.protocol.HttpRequestExecutor.doReceiveResponse(HttpRequestExecutor.java:273)
	at org.apache.http.protocol.HttpRequestExecutor.execute(HttpRequestExecutor.java:125)
	at org.apache.http.impl.execchain.MainClientExec.execute(MainClientExec.java:272)
	at org.apache.http.impl.execchain.ProtocolExec.execute(ProtocolExec.java:185)
	at org.apache.http.impl.execchain.RetryExec.execute(RetryExec.java:89)
	at org.apache.http.impl.execchain.RedirectExec.execute(RedirectExec.java:111)
	at org.apache.http.impl.client.InternalHttpClient.doExecute(InternalHttpClient.java:185)
	at org.apache.http.impl.client.CloseableHttpClient.execute(CloseableHttpClient.java:72)
	at org.apache.http.impl.client.CloseableHttpClient.execute(CloseableHttpClient.java:56)
	at org.openqa.selenium.remote.internal.ApacheHttpClient.fallBackExecute(ApacheHttpClient.java:138)
	at org.openqa.selenium.remote.internal.ApacheHttpClient.execute(ApacheHttpClient.java:86)
	at org.openqa.selenium.remote.ProtocolHandshake.createSession(ProtocolHandshake.java:337)
	at org.openqa.selenium.remote.ProtocolHandshake.createSession(ProtocolHandshake.java:136)
	at org.openqa.selenium.remote.HttpCommandExecutor.execute(HttpCommandExecutor.java:142)
	at org.openqa.selenium.remote.service.DriverCommandExecutor.execute(DriverCommandExecutor.java:83)
	... 22 more
]]>
            </full-stacktrace>
          </exception> <!-- org.openqa.selenium.WebDriverException -->
          <reporter-output>
          </reporter-output>
        </test-method> <!-- runTC_LaunchGoogle_Pass01 -->
        <test-method status="PASS" signature="setUpTestRunner()[pri:0, instance:testscripts.MRI.TC_LaunchGoogle_Pass01@97e1986]" name="setUpTestRunner" is-config="true" duration-ms="0" started-at="2018-03-20T13:47:41Z" finished-at="2018-03-20T13:47:41Z">
          <reporter-output>
          </reporter-output>
        </test-method> <!-- setUpTestRunner -->
        <test-method status="PASS" signature="tearDownTestSuite()[pri:0, instance:testscripts.MRI.TC_LaunchGoogle_Pass01@97e1986]" name="tearDownTestSuite" is-config="true" duration-ms="612" started-at="2018-03-20T13:47:47Z" finished-at="2018-03-20T13:47:48Z">
          <reporter-output>
          </reporter-output>
        </test-method> <!-- tearDownTestSuite -->
      </class> <!-- testscripts.MRI.TC_LaunchGoogle_Pass01 -->
      <class name="testscripts.MRI.TC_LaunchGoogle_Fail03">
        <test-method status="PASS" signature="setUpTestRunner()[pri:0, instance:testscripts.MRI.TC_LaunchGoogle_Fail03@153f5a29]" name="setUpTestRunner" is-config="true" duration-ms="1" started-at="2018-03-20T13:47:42Z" finished-at="2018-03-20T13:47:42Z">
          <reporter-output>
          </reporter-output>
        </test-method> <!-- setUpTestRunner -->
        <test-method status="FAIL" signature="runTC_LaunchGoogle_Fail03(java.lang.String, com.cognizant.framework.selenium.ExecutionMode, org.openqa.selenium.Platform)[pri:0, instance:testscripts.MRI.TC_LaunchGoogle_Fail03@153f5a29]" name="runTC_LaunchGoogle_Fail03" duration-ms="5362" started-at="2018-03-20T13:47:42Z" data-provider="RegressionTestScripts" finished-at="2018-03-20T13:47:47Z">
          <params>
            <param index="0">
              <value>
                <![CDATA[Instance1]]>
              </value>
            </param>
            <param index="1">
              <value>
                <![CDATA[LOCAL]]>
              </value>
            </param>
            <param index="2">
              <value>
                <![CDATA[WINDOWS]]>
              </value>
            </param>
          </params>
          <exception class="org.openqa.selenium.WebDriverException">
            <message>
              <![CDATA[java.net.SocketException: Connection reset
Build info: version: '3.6.0', revision: '6fbf3ec767', time: '2017-09-27T15:28:36.4Z'
System info: host: 'TX717-7310MSL', ip: '10.45.41.66', os.name: 'Windows 10', os.arch: 'amd64', os.version: '10.0', java.version: '1.8.0_144'
Driver info: driver.version: InternetExplorerDriver]]>
            </message>
            <full-stacktrace>
              <![CDATA[org.openqa.selenium.WebDriverException: java.net.SocketException: Connection reset
Build info: version: '3.6.0', revision: '6fbf3ec767', time: '2017-09-27T15:28:36.4Z'
System info: host: 'TX717-7310MSL', ip: '10.45.41.66', os.name: 'Windows 10', os.arch: 'amd64', os.version: '10.0', java.version: '1.8.0_144'
Driver info: driver.version: InternetExplorerDriver
	at org.openqa.selenium.remote.service.DriverCommandExecutor.execute(DriverCommandExecutor.java:92)
	at org.openqa.selenium.remote.RemoteWebDriver.execute(RemoteWebDriver.java:586)
	at org.openqa.selenium.remote.RemoteWebDriver.startSession(RemoteWebDriver.java:217)
	at org.openqa.selenium.ie.InternetExplorerDriver.run(InternetExplorerDriver.java:223)
	at org.openqa.selenium.ie.InternetExplorerDriver.<init>(InternetExplorerDriver.java:215)
	at org.openqa.selenium.ie.InternetExplorerDriver.<init>(InternetExplorerDriver.java:152)
	at com.cognizant.framework.selenium.WebDriverFactory.getWebDriver(WebDriverFactory.java:81)
	at com.cognizant.Craft.DriverScript.initializeWebDriver(DriverScript.java:268)
	at com.cognizant.Craft.DriverScript.driveTestExecution(DriverScript.java:147)
	at testscripts.MRI.TC_LaunchGoogle_Fail03.runTC_LaunchGoogle_Fail03(TC_LaunchGoogle_Fail03.java:31)
	at sun.reflect.NativeMethodAccessorImpl.invoke0(Native Method)
	at sun.reflect.NativeMethodAccessorImpl.invoke(NativeMethodAccessorImpl.java:62)
	at sun.reflect.DelegatingMethodAccessorImpl.invoke(DelegatingMethodAccessorImpl.java:43)
	at java.lang.reflect.Method.invoke(Method.java:498)
	at org.testng.internal.MethodInvocationHelper.invokeMethod(MethodInvocationHelper.java:86)
	at org.testng.internal.Invoker.invokeMethod(Invoker.java:643)
	at org.testng.internal.Invoker.invokeTestMethod(Invoker.java:820)
	at org.testng.internal.Invoker.invokeTestMethods(Invoker.java:1128)
	at org.testng.internal.TestMethodWorker.invokeTestMethods(TestMethodWorker.java:129)
	at org.testng.internal.TestMethodWorker.run(TestMethodWorker.java:112)
	at java.util.concurrent.ThreadPoolExecutor.runWorker(ThreadPoolExecutor.java:1149)
	at java.util.concurrent.ThreadPoolExecutor$Worker.run(ThreadPoolExecutor.java:624)
	at java.lang.Thread.run(Thread.java:748)
Caused by: java.net.SocketException: Connection reset
	at java.net.SocketInputStream.read(SocketInputStream.java:210)
	at java.net.SocketInputStream.read(SocketInputStream.java:141)
	at org.apache.http.impl.io.SessionInputBufferImpl.streamRead(SessionInputBufferImpl.java:137)
	at org.apache.http.impl.io.SessionInputBufferImpl.fillBuffer(SessionInputBufferImpl.java:153)
	at org.apache.http.impl.io.SessionInputBufferImpl.readLine(SessionInputBufferImpl.java:282)
	at org.apache.http.impl.conn.DefaultHttpResponseParser.parseHead(DefaultHttpResponseParser.java:138)
	at org.apache.http.impl.conn.DefaultHttpResponseParser.parseHead(DefaultHttpResponseParser.java:56)
	at org.apache.http.impl.io.AbstractMessageParser.parse(AbstractMessageParser.java:259)
	at org.apache.http.impl.DefaultBHttpClientConnection.receiveResponseHeader(DefaultBHttpClientConnection.java:163)
	at org.apache.http.impl.conn.CPoolProxy.receiveResponseHeader(CPoolProxy.java:165)
	at org.apache.http.protocol.HttpRequestExecutor.doReceiveResponse(HttpRequestExecutor.java:273)
	at org.apache.http.protocol.HttpRequestExecutor.execute(HttpRequestExecutor.java:125)
	at org.apache.http.impl.execchain.MainClientExec.execute(MainClientExec.java:272)
	at org.apache.http.impl.execchain.ProtocolExec.execute(ProtocolExec.java:185)
	at org.apache.http.impl.execchain.RetryExec.execute(RetryExec.java:89)
	at org.apache.http.impl.execchain.RedirectExec.execute(RedirectExec.java:111)
	at org.apache.http.impl.client.InternalHttpClient.doExecute(InternalHttpClient.java:185)
	at org.apache.http.impl.client.CloseableHttpClient.execute(CloseableHttpClient.java:72)
	at org.apache.http.impl.client.CloseableHttpClient.execute(CloseableHttpClient.java:56)
	at org.openqa.selenium.remote.internal.ApacheHttpClient.fallBackExecute(ApacheHttpClient.java:138)
	at org.openqa.selenium.remote.internal.ApacheHttpClient.execute(ApacheHttpClient.java:86)
	at org.openqa.selenium.remote.ProtocolHandshake.createSession(ProtocolHandshake.java:337)
	at org.openqa.selenium.remote.ProtocolHandshake.createSession(ProtocolHandshake.java:136)
	at org.openqa.selenium.remote.HttpCommandExecutor.execute(HttpCommandExecutor.java:142)
	at org.openqa.selenium.remote.service.DriverCommandExecutor.execute(DriverCommandExecutor.java:83)
	... 22 more
]]>
            </full-stacktrace>
          </exception> <!-- org.openqa.selenium.WebDriverException -->
          <reporter-output>
          </reporter-output>
        </test-method> <!-- runTC_LaunchGoogle_Fail03 -->
      </class> <!-- testscripts.MRI.TC_LaunchGoogle_Fail03 -->
      <class name="testscripts.MRI.TC_LaunchGoogle_Pass02">
        <test-method status="FAIL" signature="runTC_LaunchGoogle_Pass02(java.lang.String, com.cognizant.framework.selenium.ExecutionMode, org.openqa.selenium.Platform)[pri:0, instance:testscripts.MRI.TC_LaunchGoogle_Pass02@26f67b76]" name="runTC_LaunchGoogle_Pass02" duration-ms="328" started-at="2018-03-20T13:47:41Z" data-provider="RegressionTestScripts" finished-at="2018-03-20T13:47:42Z">
          <params>
            <param index="0">
              <value>
                <![CDATA[Instance1]]>
              </value>
            </param>
            <param index="1">
              <value>
                <![CDATA[LOCAL]]>
              </value>
            </param>
            <param index="2">
              <value>
                <![CDATA[WINDOWS]]>
              </value>
            </param>
          </params>
          <exception class="org.openqa.selenium.WebDriverException">
            <message>
              <![CDATA[Cannot find firefox binary in PATH. Make sure firefox is installed. OS appears to be: WIN10
Build info: version: '3.6.0', revision: '6fbf3ec767', time: '2017-09-27T15:28:36.4Z'
System info: host: 'TX717-7310MSL', ip: '10.45.41.66', os.name: 'Windows 10', os.arch: 'amd64', os.version: '10.0', java.version: '1.8.0_144'
Driver info: driver.version: FirefoxDriver]]>
            </message>
            <full-stacktrace>
              <![CDATA[org.openqa.selenium.WebDriverException: Cannot find firefox binary in PATH. Make sure firefox is installed. OS appears to be: WIN10
Build info: version: '3.6.0', revision: '6fbf3ec767', time: '2017-09-27T15:28:36.4Z'
System info: host: 'TX717-7310MSL', ip: '10.45.41.66', os.name: 'Windows 10', os.arch: 'amd64', os.version: '10.0', java.version: '1.8.0_144'
Driver info: driver.version: FirefoxDriver
	at org.openqa.selenium.firefox.FirefoxBinary.<init>(FirefoxBinary.java:116)
	at org.openqa.selenium.firefox.FirefoxOptions.getBinary(FirefoxOptions.java:217)
	at org.openqa.selenium.firefox.FirefoxDriver.toExecutor(FirefoxDriver.java:147)
	at org.openqa.selenium.firefox.FirefoxDriver.<init>(FirefoxDriver.java:120)
	at org.openqa.selenium.firefox.FirefoxDriver.<init>(FirefoxDriver.java:98)
	at com.cognizant.framework.selenium.WebDriverFactory.getWebDriver(WebDriverFactory.java:64)
	at com.cognizant.Craft.DriverScript.initializeWebDriver(DriverScript.java:268)
	at com.cognizant.Craft.DriverScript.driveTestExecution(DriverScript.java:147)
	at testscripts.MRI.TC_LaunchGoogle_Pass02.runTC_LaunchGoogle_Pass02(TC_LaunchGoogle_Pass02.java:31)
	at sun.reflect.NativeMethodAccessorImpl.invoke0(Native Method)
	at sun.reflect.NativeMethodAccessorImpl.invoke(NativeMethodAccessorImpl.java:62)
	at sun.reflect.DelegatingMethodAccessorImpl.invoke(DelegatingMethodAccessorImpl.java:43)
	at java.lang.reflect.Method.invoke(Method.java:498)
	at org.testng.internal.MethodInvocationHelper.invokeMethod(MethodInvocationHelper.java:86)
	at org.testng.internal.Invoker.invokeMethod(Invoker.java:643)
	at org.testng.internal.Invoker.invokeTestMethod(Invoker.java:820)
	at org.testng.internal.Invoker.invokeTestMethods(Invoker.java:1128)
	at org.testng.internal.TestMethodWorker.invokeTestMethods(TestMethodWorker.java:129)
	at org.testng.internal.TestMethodWorker.run(TestMethodWorker.java:112)
	at java.util.concurrent.ThreadPoolExecutor.runWorker(ThreadPoolExecutor.java:1149)
	at java.util.concurrent.ThreadPoolExecutor$Worker.run(ThreadPoolExecutor.java:624)
	at java.lang.Thread.run(Thread.java:748)
]]>
            </full-stacktrace>
          </exception> <!-- org.openqa.selenium.WebDriverException -->
          <reporter-output>
          </reporter-output>
        </test-method> <!-- runTC_LaunchGoogle_Pass02 -->
        <test-method status="PASS" signature="setUpTestRunner()[pri:0, instance:testscripts.MRI.TC_LaunchGoogle_Pass02@26f67b76]" name="setUpTestRunner" is-config="true" duration-ms="0" started-at="2018-03-20T13:47:41Z" finished-at="2018-03-20T13:47:41Z">
          <reporter-output>
          </reporter-output>
        </test-method> <!-- setUpTestRunner -->
      </class> <!-- testscripts.MRI.TC_LaunchGoogle_Pass02 -->
    </test> <!-- TestSuite1 -->
  </suite> <!-- MRITestScripts -->
</testng-results>
