<?xml version="1.0" encoding="UTF-8"?>
<!-- Generated by org.testng.reporters.JUnitReportReporter -->
<testsuite hostname="TX717-7310MSL" name="testscripts.NewApplication.TC_NewApplication_HomePageValidation" tests="1" failures="0" timestamp="22 Jan 2018 22:25:57 GMT" time="23.867" errors="1">
  <testcase name="runTC_NewApplication_HomePageValidation" time="23.867" classname="testscripts.NewApplication.TC_NewApplication_HomePageValidation">
    <error type="com.cognizant.framework.FrameworkException" message="Error while capturing the screenshot">
      <![CDATA[com.cognizant.framework.FrameworkException: Error while capturing the screenshot
	at com.cognizant.framework.selenium.SeleniumReport.takeScreenshot(SeleniumReport.java:94)
	at com.cognizant.framework.Report.handleStepInvolvingScreenshot(Report.java:287)
	at com.cognizant.framework.Report.updateTestLog(Report.java:228)
	at com.cognizant.Craft.DriverScript.exceptionHandler(DriverScript.java:722)
	at com.cognizant.Craft.DriverScript.executeCRAFTTestIterations(DriverScript.java:594)
	at com.cognizant.Craft.DriverScript.executeCraft(DriverScript.java:157)
	at com.cognizant.Craft.DriverScript.driveTestExecution(DriverScript.java:150)
	at testscripts.NewApplication.TC_NewApplication_HomePageValidation.runTC_NewApplication_HomePageValidation(TC_NewApplication_HomePageValidation.java:34)
	at sun.reflect.NativeMethodAccessorImpl.invoke0(Native Method)
	at sun.reflect.NativeMethodAccessorImpl.invoke(NativeMethodAccessorImpl.java:62)
	at sun.reflect.DelegatingMethodAccessorImpl.invoke(DelegatingMethodAccessorImpl.java:43)
	at java.lang.reflect.Method.invoke(Method.java:498)
	at org.testng.internal.MethodInvocationHelper.invokeMethod(MethodInvocationHelper.java:86)
	at org.testng.internal.Invoker.invokeMethod(Invoker.java:643)
	at org.testng.internal.Invoker.invokeTestMethod(Invoker.java:820)
	at org.testng.internal.Invoker.invokeTestMethods(Invoker.java:1128)
	at org.testng.internal.TestMethodWorker.invokeTestMethods(TestMethodWorker.java:129)
	at org.testng.internal.TestMethodWorker.run(TestMethodWorker.java:112)
	at java.util.concurrent.ThreadPoolExecutor.runWorker(ThreadPoolExecutor.java:1149)
	at java.util.concurrent.ThreadPoolExecutor$Worker.run(ThreadPoolExecutor.java:624)
	at java.lang.Thread.run(Thread.java:748)
]]>
    </error>
  </testcase> <!-- runTC_NewApplication_HomePageValidation -->
</testsuite> <!-- testscripts.NewApplication.TC_NewApplication_HomePageValidation -->
